<?xml version="1.0" encoding="UTF-8"?>
<testng-results ignored="0" total="1" passed="1" failed="0" skipped="0">
  <reporter-output>
    <line>
      <![CDATA[Tyss-->test4]]>
    </line>
  </reporter-output>
  <suite started-at="2022-07-20T05:21:47 IST" name="Default suite" finished-at="2022-07-20T05:21:47 IST" duration-ms="74">
    <groups>
    </groups>
    <test started-at="2022-07-20T05:21:47 IST" name="Default test" finished-at="2022-07-20T05:21:47 IST" duration-ms="74">
      <class name="sampleclasses.Log_Inpages">
        <test-method signature="practice4Test()[pri:0, instance:sampleclasses.Log_Inpages@59af0466]" started-at="2022-07-20T05:21:47 IST" name="practice4Test" finished-at="2022-07-20T05:21:47 IST" duration-ms="12" status="PASS">
          <reporter-output>
            <line>
              <![CDATA[Tyss-->test4]]>
            </line>
          </reporter-output>
        </test-method> <!-- practice4Test -->
      </class> <!-- sampleclasses.Log_Inpages -->
    </test> <!-- Default test -->
  </suite> <!-- Default suite -->
</testng-results>
